<?xml version="1.0" encoding="UTF-8"?>
<!-- Generated by org.testng.reporters.JUnitReportReporter -->
<testsuite hostname="vicky" failures="0" tests="5" name="javaFirstPackage.TestNG3" time="0.035" errors="0" timestamp="2023-09-06T20:16:04 IST" skipped="0">
  <testcase classname="javaFirstPackage.TestNG3" name="c" time="0.004"/>
  <testcase classname="javaFirstPackage.TestNG3" name="E" time="0.016"/>
  <testcase classname="javaFirstPackage.TestNG3" name="b" time="0.005"/>
  <testcase classname="javaFirstPackage.TestNG3" name="a" time="0.006"/>
  <testcase classname="javaFirstPackage.TestNG3" name="d" time="0.004"/>
</testsuite> <!-- javaFirstPackage.TestNG3 -->
