<?xml version="1.0" encoding="UTF-8"?>
<!-- Generated by org.testng.reporters.JUnitReportReporter -->
<testsuite hostname="vicky" failures="0" tests="6" name="javaFirstPackage.TestNG2" time="0.033" errors="0" timestamp="2023-09-06T19:35:06 IST" skipped="0">
  <testcase classname="javaFirstPackage.TestNG2" name="Z1" time="0.003"/>
  <testcase classname="javaFirstPackage.TestNG2" name="z" time="0.003"/>
  <testcase classname="javaFirstPackage.TestNG2" name="ab" time="0.002"/>
  <testcase classname="javaFirstPackage.TestNG2" name="a3" time="0.003"/>
  <testcase classname="javaFirstPackage.TestNG2" name="A" time="0.013"/>
  <testcase classname="javaFirstPackage.TestNG2" name="a1" time="0.009"/>
</testsuite> <!-- javaFirstPackage.TestNG2 -->
