<?xml version="1.0" encoding="UTF-8"?>
<!-- Generated by org.testng.reporters.JUnitReportReporter -->
<testsuite hostname="vicky" failures="0" tests="2" name="javaFirstPackage.TestNG$TestNG1" time="0.017" errors="0" timestamp="2023-09-06T15:12:40 IST" skipped="0">
  <testcase classname="javaFirstPackage.TestNG$TestNG1" name="a2" time="0.006"/>
  <testcase classname="javaFirstPackage.TestNG$TestNG1" name="a1" time="0.011"/>
</testsuite> <!-- javaFirstPackage.TestNG$TestNG1 -->
