<?xml version="1.0" encoding="UTF-8"?>
<!-- Generated by org.testng.reporters.JUnitReportReporter -->
<testsuite hostname="vicky" failures="0" tests="2" name="javaFirstPackage.TestNG" time="0.020" errors="0" timestamp="2023-09-06T19:24:36 IST" skipped="0">
  <testcase classname="javaFirstPackage.TestNG" name="a2" time="0.006"/>
  <testcase classname="javaFirstPackage.TestNG" name="a1" time="0.014"/>
</testsuite> <!-- javaFirstPackage.TestNG -->
